execve("./empty", ["./empty"], 0x7fffbd99d9f0 /* 30 vars */) = 0
brk(NULL)                               = 0x61c8f1671000
mmap(NULL, 8192, PROT_READ|PROT_WRITE, MAP_PRIVATE|MAP_ANONYMOUS, -1, 0) = 0x76db0485d000
access("/etc/ld.so.preload", R_OK)      = -1 ENOENT (No such file or directory)
openat(AT_FDCWD, "/etc/ld.so.cache", O_RDONLY|O_CLOEXEC) = 3
fstat(3, {st_mode=S_IFREG|0644, st_size=58967, ...}) = 0
mmap(NULL, 58967, PROT_READ, MAP_PRIVATE, 3, 0) = 0x76db0484e000
close(3)                                = 0
openat(AT_FDCWD, "/lib/x86_64-linux-gnu/libc.so.6", O_RDONLY|O_CLOEXEC) = 3
read(3, "\177ELF\2\1\1\3\0\0\0\0\0\0\0\0\3\0>\0\1\0\0\0\220\243\2\0\0\0\0\0"..., 832) = 832
pread64(3, "\6\0\0\0\4\0\0\0@\0\0\0\0\0\0\0@\0\0\0\0\0\0\0@\0\0\0\0\0\0\0"..., 784, 64) = 784
fstat(3, {st_mode=S_IFREG|0755, st_size=2125328, ...}) = 0
pread64(3, "\6\0\0\0\4\0\0\0@\0\0\0\0\0\0\0@\0\0\0\0\0\0\0@\0\0\0\0\0\0\0"..., 784, 64) = 784
mmap(NULL, 2170256, PROT_READ, MAP_PRIVATE|MAP_DENYWRITE, 3, 0) = 0x76db04600000
mmap(0x76db04628000, 1605632, PROT_READ|PROT_EXEC, MAP_PRIVATE|MAP_FIXED|MAP_DENYWRITE, 3, 0x28000) = 0x76db04628000
mmap(0x76db047b0000, 323584, PROT_READ, MAP_PRIVATE|MAP_FIXED|MAP_DENYWRITE, 3, 0x1b0000) = 0x76db047b0000
mmap(0x76db047ff000, 24576, PROT_READ|PROT_WRITE, MAP_PRIVATE|MAP_FIXED|MAP_DENYWRITE, 3, 0x1fe000) = 0x76db047ff000
mmap(0x76db04805000, 52624, PROT_READ|PROT_WRITE, MAP_PRIVATE|MAP_FIXED|MAP_ANONYMOUS, -1, 0) = 0x76db04805000
close(3)                                = 0
mmap(NULL, 12288, PROT_READ|PROT_WRITE, MAP_PRIVATE|MAP_ANONYMOUS, -1, 0) = 0x76db0484b000
arch_prctl(ARCH_SET_FS, 0x76db0484b740) = 0
set_tid_address(0x76db0484ba10)         = 7284
set_robust_list(0x76db0484ba20, 24)     = 0
rseq(0x76db0484c060, 0x20, 0, 0x53053053) = 0
mprotect(0x76db047ff000, 16384, PROT_READ) = 0
mprotect(0x61c8e7c66000, 4096, PROT_READ) = 0
mprotect(0x76db0489b000, 8192, PROT_READ) = 0
prlimit64(0, RLIMIT_STACK, NULL, {rlim_cur=8192*1024, rlim_max=RLIM64_INFINITY}) = 0
munmap(0x76db0484e000, 58967)           = 0
exit_group(0)                           = ?
+++ exited with 0 +++
