execve("./part1", ["./part1"], 0x7ffd337da5a0 /* 30 vars */) = 0
brk(NULL)                               = 0x599698350000
mmap(NULL, 8192, PROT_READ|PROT_WRITE, MAP_PRIVATE|MAP_ANONYMOUS, -1, 0) = 0x7404988e3000
access("/etc/ld.so.preload", R_OK)      = -1 ENOENT (No such file or directory)
openat(AT_FDCWD, "/etc/ld.so.cache", O_RDONLY|O_CLOEXEC) = 3
fstat(3, {st_mode=S_IFREG|0644, st_size=58967, ...}) = 0
mmap(NULL, 58967, PROT_READ, MAP_PRIVATE, 3, 0) = 0x7404988d4000
close(3)                                = 0
openat(AT_FDCWD, "/lib/x86_64-linux-gnu/libc.so.6", O_RDONLY|O_CLOEXEC) = 3
read(3, "\177ELF\2\1\1\3\0\0\0\0\0\0\0\0\3\0>\0\1\0\0\0\220\243\2\0\0\0\0\0"..., 832) = 832
pread64(3, "\6\0\0\0\4\0\0\0@\0\0\0\0\0\0\0@\0\0\0\0\0\0\0@\0\0\0\0\0\0\0"..., 784, 64) = 784
fstat(3, {st_mode=S_IFREG|0755, st_size=2125328, ...}) = 0
pread64(3, "\6\0\0\0\4\0\0\0@\0\0\0\0\0\0\0@\0\0\0\0\0\0\0@\0\0\0\0\0\0\0"..., 784, 64) = 784
mmap(NULL, 2170256, PROT_READ, MAP_PRIVATE|MAP_DENYWRITE, 3, 0) = 0x740498600000
mmap(0x740498628000, 1605632, PROT_READ|PROT_EXEC, MAP_PRIVATE|MAP_FIXED|MAP_DENYWRITE, 3, 0x28000) = 0x740498628000
mmap(0x7404987b0000, 323584, PROT_READ, MAP_PRIVATE|MAP_FIXED|MAP_DENYWRITE, 3, 0x1b0000) = 0x7404987b0000
mmap(0x7404987ff000, 24576, PROT_READ|PROT_WRITE, MAP_PRIVATE|MAP_FIXED|MAP_DENYWRITE, 3, 0x1fe000) = 0x7404987ff000
mmap(0x740498805000, 52624, PROT_READ|PROT_WRITE, MAP_PRIVATE|MAP_FIXED|MAP_ANONYMOUS, -1, 0) = 0x740498805000
close(3)                                = 0
mmap(NULL, 12288, PROT_READ|PROT_WRITE, MAP_PRIVATE|MAP_ANONYMOUS, -1, 0) = 0x7404988d1000
arch_prctl(ARCH_SET_FS, 0x7404988d1740) = 0
set_tid_address(0x7404988d1a10)         = 7321
set_robust_list(0x7404988d1a20, 24)     = 0
rseq(0x7404988d2060, 0x20, 0, 0x53053053) = 0
mprotect(0x7404987ff000, 16384, PROT_READ) = 0
mprotect(0x599667ded000, 4096, PROT_READ) = 0
mprotect(0x740498921000, 8192, PROT_READ) = 0
prlimit64(0, RLIMIT_STACK, NULL, {rlim_cur=8192*1024, rlim_max=RLIM64_INFINITY}) = 0
munmap(0x7404988d4000, 58967)           = 0
fstat(1, {st_mode=S_IFCHR|0620, st_rdev=makedev(0x88, 0x1), ...}) = 0
getrandom("\xf8\xa4\xb4\x3a\x0a\x64\x29\xdd", 8, GRND_NONBLOCK) = 8
brk(NULL)                               = 0x599698350000
brk(0x599698371000)                     = 0x599698371000
write(1, "Executing system calls in part1."..., 34) = 34
getpid()                                = 7321
write(1, "Process ID: 7321\n", 17)      = 17
getppid()                               = 7318
write(1, "Parent Process ID: 7318\n", 24) = 24
getuid()                                = 1000
write(1, "User ID: 1000\n", 14)         = 14
gettimeofday(NULL, NULL)                = 0
exit_group(0)                           = ?
+++ exited with 0 +++
